10분 간격 데이터 수집 시작...
[2025-12-27 10:33:16 토] 수집 완료
  날씨: 맑음 3.2°C (영향도: 1.0배)
  AI 예측: 0.35배 (신뢰도: 19%)
  400번: 38명 탑승 - 🟠 혼잡 - 입석 승객 많음
  405번: 30명 탑승 - 🟠 혼잡 - 입석 승객 많음
  421번: 54명 탑승 - 🟠 혼잡 - 입석 승객 많음
  도로: 0.9배 (0개 혼잡)
  400번 배차: 17분 간격
  405번 배차: 10분 간격
  421번 배차: 16분 간격
  400번: 17분후[9번째 전]
  405번: 8분후[5번째 전]
  421번: 10분후[7번째 전]
10분 대기 중...
[2025-12-27 10:43:16 토] 수집 완료
  날씨: 맑음 3.2°C (영향도: 1.0배)
  AI 예측: 0.35배 (신뢰도: 20%)
  400번: 32명 탑승 - 🟠 혼잡 - 입석 승객 많음
  405번: 31명 탑승 - 🟠 혼잡 - 입석 승객 많음
  421번: 50명 탑승 - 🟠 혼잡 - 입석 승객 많음
  도로: 0.9배 (0개 혼잡)
  400번 배차: 15분 간격
  405번 배차: 15분 간격
  421번 배차: 13분 간격
  400번: 7분후[4번째 전]
  405번: 9분후[5번째 전]
  421번: 16분후[9번째 전]
10분 대기 중...
[2025-12-27 10:53:16 토] 수집 완료
  날씨: 맑음 3.2°C (영향도: 1.0배)
  AI 예측: 0.35배 (신뢰도: 21%)
  400번: 42명 탑승 - 🟠 혼잡 - 입석 승객 많음
  405번: 37명 탑승 - 🟠 혼잡 - 입석 승객 많음
  421번: 51명 탑승 - 🟠 혼잡 - 입석 승객 많음
  도로: 0.9배 (0개 혼잡)
  400번 배차: 10분 간격
  405번 배차: 8분 간격
  421번 배차: 16분 간격
  400번: 13분후[7번째 전]
  405번: 13분후[8번째 전]
  421번: 4분후[4번째 전]
10분 대기 중...
[2025-12-27 11:03:16 토] 수집 완료
  날씨: 맑음 3.2°C (영향도: 1.0배)
  AI 예측: 0.35배 (신뢰도: 22%)
  400번: 43명 탑승 - 🟠 혼잡 - 입석 승객 많음
  405번: 37명 탑승 - 🟠 혼잡 - 입석 승객 많음
  421번: 58명 탑승 - 🔴 매우혼잡 - 승차 어려움
  도로: 0.9배 (0개 혼잡)
  400번 배차: 10분 간격
  405번 배차: 6분 간격
  421번 배차: 5분 간격
  400번: 3분후[3번째 전]
  405번: 2분후[1번째 전]
  421번: 10분후[7번째 전]
10분 대기 중...
[2025-12-27 11:13:16 토] 수집 완료
  날씨: 맑음 3.2°C (영향도: 1.0배)
  AI 예측: 0.35배 (신뢰도: 23%)
  400번: 34명 탑승 - 🟠 혼잡 - 입석 승객 많음
  405번: 32명 탑승 - 🟠 혼잡 - 입석 승객 많음
  421번: 42명 탑승 - 🟠 혼잡 - 입석 승객 많음
  도로: 0.9배 (0개 혼잡)
  400번 배차: 15분 간격
  405번 배차: 10분 간격
  421번 배차: 11분 간격
  400번: 6분후[3번째 전]
  405번: 16분후[10번째 전]
  421번: 6분후[5번째 전]
10분 대기 중...
[2025-12-27 11:23:16 토] 수집 완료
  날씨: 맑음 3.2°C (영향도: 1.0배)
  AI 예측: 0.35배 (신뢰도: 24%)
  400번: 48명 탑승 - 🔴 매우혼잡 - 승차 어려움
  405번: 30명 탑승 - 🟠 혼잡 - 입석 승객 많음
  421번: 60명 탑승 - 🔴 매우혼잡 - 승차 어려움
  도로: 0.9배 (0개 혼잡)
  400번 배차: 10분 간격
  405번 배차: 13분 간격
  421번 배차: 9분 간격
  400번: 12분후[7번째 전]
  405번: 5분후[3번째 전]
  421번: 6분후[5번째 전]
10분 대기 중...
[2025-12-27 11:33:17 토] 수집 완료
  날씨: 맑음 3.2°C (영향도: 1.0배)
  AI 예측: 0.35배 (신뢰도: 25%)
  400번: 46명 탑승 - 🔴 매우혼잡 - 승차 어려움
  405번: 38명 탑승 - 🟠 혼잡 - 입석 승객 많음
  421번: 44명 탑승 - 🟠 혼잡 - 입석 승객 많음
  도로: 0.9배 (0개 혼잡)
  400번 배차: 7분 간격
  405번 배차: 15분 간격
  421번 배차: 11분 간격
  400번: 2분후[2번째 전]
  405번: 9분후[5번째 전]
  421번: 3분후[2번째 전]
10분 대기 중...
[2025-12-27 11:43:17 토] 수집 완료
  날씨: 맑음 3.2°C (영향도: 1.0배)
  AI 예측: 0.35배 (신뢰도: 26%)
  400번: 43명 탑승 - 🟠 혼잡 - 입석 승객 많음
  405번: 37명 탑승 - 🟠 혼잡 - 입석 승객 많음
  421번: 52명 탑승 - 🟠 혼잡 - 입석 승객 많음
  도로: 0.9배 (0개 혼잡)
  405번 배차: 9분 간격
  421번 배차: 10분 간격
  400번: 곧 도착
  405번: 14분후[9번째 전]
  421번: 4분후[3번째 전]
10분 대기 중...
[2025-12-27 11:53:17 토] 수집 완료
  날씨: 맑음 3.2°C (영향도: 1.0배)
  AI 예측: 0.35배 (신뢰도: 27%)
  400번: 36명 탑승 - 🟠 혼잡 - 입석 승객 많음
  405번: 29명 탑승 - 🟠 혼잡 - 입석 승객 많음
  421번: 59명 탑승 - 🔴 매우혼잡 - 승차 어려움
  도로: 0.9배 (0개 혼잡)
  400번 배차: 15분 간격
  405번 배차: 10분 간격
  421번 배차: 10분 간격
  400번: 2분후[2번째 전]
  405번: 5분후[3번째 전]
  421번: 6분후[5번째 전]
10분 대기 중...
[2025-12-27 12:03:17 토] 수집 완료
  날씨: 맑음 3.2°C (영향도: 1.0배)
  AI 예측: 0.35배 (신뢰도: 28%)
  400번: 48명 탑승 - 🔴 매우혼잡 - 승차 어려움
  405번: 35명 탑승 - 🟠 혼잡 - 입석 승객 많음
  421번: 48명 탑승 - 🟠 혼잡 - 입석 승객 많음
  도로: 0.9배 (0개 혼잡)
  400번 배차: 9분 간격
  405번 배차: 18분 간격
  421번 배차: 12분 간격
  400번: 9분후[5번째 전]
  405번: 7분후[4번째 전]
  421번: 8분후[6번째 전]
10분 대기 중...
[2025-12-27 12:13:17 토] 수집 완료
  날씨: 맑음 3.2°C (영향도: 1.0배)
  AI 예측: 0.35배 (신뢰도: 29%)
  400번: 43명 탑승 - 🟠 혼잡 - 입석 승객 많음
  405번: 32명 탑승 - 🟠 혼잡 - 입석 승객 많음
  421번: 51명 탑승 - 🟠 혼잡 - 입석 승객 많음
  도로: 0.9배 (0개 혼잡)
  400번 배차: 12분 간격
  405번 배차: 13분 간격
  400번: 8분후[4번째 전]
  405번: 13분후[7번째 전]
  421번: 곧 도착
10분 대기 중...
[2025-12-27 12:23:17 토] 수집 완료
  날씨: 맑음 3.2°C (영향도: 1.0배)
  AI 예측: 0.35배 (신뢰도: 30%)
  400번: 38명 탑승 - 🟠 혼잡 - 입석 승객 많음
  405번: 35명 탑승 - 🟠 혼잡 - 입석 승객 많음
  421번: 56명 탑승 - 🔴 매우혼잡 - 승차 어려움
  도로: 0.9배 (0개 혼잡)
  405번 배차: 15분 간격
  421번 배차: 6분 간격
  400번: 곧 도착
  405번: 2분후[1번째 전]
  421번: 3분후[2번째 전]
10분 대기 중...
[2025-12-27 12:33:17 토] 수집 완료
  날씨: 맑음 3.2°C (영향도: 1.0배)
  AI 예측: 0.35배 (신뢰도: 31%)
  400번: 35명 탑승 - 🟠 혼잡 - 입석 승객 많음
  405번: 39명 탑승 - 🟠 혼잡 - 입석 승객 많음
  421번: 39명 탑승 - 🟠 혼잡 - 입석 승객 많음
  도로: 0.9배 (0개 혼잡)
  400번 배차: 19분 간격
  405번 배차: 8분 간격
  400번: 4분후[3번째 전]
  405번: 8분후[4번째 전]
  421번: 곧 도착
10분 대기 중...
[2025-12-27 12:43:18 토] 수집 완료
  날씨: 맑음 3.2°C (영향도: 1.0배)
  AI 예측: 0.35배 (신뢰도: 32%)
  400번: 48명 탑승 - 🔴 매우혼잡 - 승차 어려움
  405번: 31명 탑승 - 🟠 혼잡 - 입석 승객 많음
  421번: 54명 탑승 - 🔴 매우혼잡 - 승차 어려움
  도로: 0.9배 (0개 혼잡)
  400번 배차: 12분 간격
  405번 배차: 16분 간격
  421번 배차: 10분 간격
  400번: 13분후[7번째 전]
  405번: 5분후[3번째 전]
  421번: 10분후[6번째 전]
10분 대기 중...
[2025-12-27 12:53:18 토] 수집 완료
  날씨: 맑음 3.2°C (영향도: 1.0배)
  AI 예측: 0.35배 (신뢰도: 33%)
  400번: 33명 탑승 - 🟠 혼잡 - 입석 승객 많음
  405번: 37명 탑승 - 🟠 혼잡 - 입석 승객 많음
  421번: 56명 탑승 - 🔴 매우혼잡 - 승차 어려움
  도로: 0.9배 (0개 혼잡)
  400번 배차: 9분 간격
  405번 배차: 13분 간격
  421번 배차: 10분 간격
  400번: 2분후[2번째 전]
  405번: 11분후[6번째 전]
  421번: 9분후[6번째 전]
10분 대기 중...
[2025-12-27 13:03:18 토] 수집 완료
  날씨: 맑음 3.2°C (영향도: 1.0배)
  AI 예측: 0.35배 (신뢰도: 34%)
  400번: 38명 탑승 - 🟠 혼잡 - 입석 승객 많음
  405번: 39명 탑승 - 🟠 혼잡 - 입석 승객 많음
  421번: 58명 탑승 - 🔴 매우혼잡 - 승차 어려움
  도로: 0.9배 (0개 혼잡)
  400번 배차: 13분 간격
  400번: 1분후[1번째 전]
  405번: 곧 도착
  421번: 곧 도착
10분 대기 중...
[2025-12-27 13:13:18 토] 수집 완료
  날씨: 맑음 3.2°C (영향도: 1.0배)
  AI 예측: 0.35배 (신뢰도: 35%)
  400번: 44명 탑승 - 🟠 혼잡 - 입석 승객 많음
  405번: 30명 탑승 - 🟠 혼잡 - 입석 승객 많음
  421번: 60명 탑승 - 🔴 매우혼잡 - 승차 어려움
  도로: 0.9배 (0개 혼잡)
  400번 배차: 7분 간격
  405번 배차: 11분 간격
  421번 배차: 7분 간격
  400번: 7분후[4번째 전]
  405번: 6분후[3번째 전]
  421번: 1분후[1번째 전]
10분 대기 중...
[2025-12-27 13:23:18 토] 수집 완료
  날씨: 맑음 3.2°C (영향도: 1.0배)
  AI 예측: 0.35배 (신뢰도: 36%)
  400번: 41명 탑승 - 🟠 혼잡 - 입석 승객 많음
  405번: 37명 탑승 - 🟠 혼잡 - 입석 승객 많음
  421번: 56명 탑승 - 🔴 매우혼잡 - 승차 어려움
  도로: 0.9배 (0개 혼잡)
  400번 배차: 14분 간격
  405번 배차: 19분 간격
  421번 배차: 11분 간격
  400번: 5분후[3번째 전]
  405번: 6분후[3번째 전]
  421번: 9분후[6번째 전]
10분 대기 중...
[2025-12-27 13:33:18 토] 수집 완료
  날씨: 맑음 3.2°C (영향도: 1.0배)
  AI 예측: 0.35배 (신뢰도: 37%)
  400번: 48명 탑승 - 🔴 매우혼잡 - 승차 어려움
  405번: 41명 탑승 - 🔴 매우혼잡 - 승차 어려움
  421번: 59명 탑승 - 🔴 매우혼잡 - 승차 어려움
  도로: 0.9배 (0개 혼잡)
  400번 배차: 12분 간격
  405번 배차: 19분 간격
  421번 배차: 12분 간격
  400번: 13분후[6번째 전]
  405번: 17분후[10번째 전]
  421번: 8분후[5번째 전]
10분 대기 중...
[2025-12-27 13:43:19 토] 수집 완료
  날씨: 맑음 3.2°C (영향도: 1.0배)
  AI 예측: 0.35배 (신뢰도: 38%)
  400번: 50명 탑승 - 🔴 매우혼잡 - 승차 어려움
  405번: 39명 탑승 - 🟠 혼잡 - 입석 승객 많음
  421번: 46명 탑승 - 🟠 혼잡 - 입석 승객 많음
  도로: 0.9배 (0개 혼잡)
  400번 배차: 15분 간격
  405번 배차: 20분 간격
  421번 배차: 8분 간격
  400번: 3분후[2번째 전]
  405번: 5분후[3번째 전]
  421번: 10분후[6번째 전]
10분 대기 중...
[2025-12-27 13:53:19 토] 수집 완료
  날씨: 맑음 3.2°C (영향도: 1.0배)
  AI 예측: 0.35배 (신뢰도: 39%)
  400번: 47명 탑승 - 🔴 매우혼잡 - 승차 어려움
  405번: 39명 탑승 - 🔴 매우혼잡 - 승차 어려움
  421번: 48명 탑승 - 🟠 혼잡 - 입석 승객 많음
  도로: 0.9배 (0개 혼잡)
  400번 배차: 16분 간격
  405번 배차: 17분 간격
  421번 배차: 7분 간격
  400번: 8분후[4번째 전]
  405번: 14분후[8번째 전]
  421번: 2분후[2번째 전]
10분 대기 중...
[2025-12-27 14:03:19 토] 수집 완료
  날씨: 맑음 3.2°C (영향도: 1.0배)
  AI 예측: 0.35배 (신뢰도: 40%)
  400번: 38명 탑승 - 🟠 혼잡 - 입석 승객 많음
  405번: 34명 탑승 - 🟠 혼잡 - 입석 승객 많음
  421번: 56명 탑승 - 🔴 매우혼잡 - 승차 어려움
  도로: 0.9배 (0개 혼잡)
  400번 배차: 6분 간격
  405번 배차: 16분 간격
  421번 배차: 15분 간격
  400번: 14분후[7번째 전]
  405번: 4분후[3번째 전]
  421번: 12분후[7번째 전]
10분 대기 중...
[2025-12-27 14:13:19 토] 수집 완료
  날씨: 맑음 3.2°C (영향도: 1.0배)
  AI 예측: 0.35배 (신뢰도: 41%)
  400번: 46명 탑승 - 🔴 매우혼잡 - 승차 어려움
  405번: 28명 탑승 - 🟠 혼잡 - 입석 승객 많음
  421번: 58명 탑승 - 🔴 매우혼잡 - 승차 어려움
  도로: 0.9배 (0개 혼잡)
  400번 배차: 7분 간격
  405번 배차: 7분 간격
  421번 배차: 15분 간격
  400번: 5분후[3번째 전]
  405번: 11분후[7번째 전]
  421번: 2분후[2번째 전]
10분 대기 중...
[2025-12-27 14:23:19 토] 수집 완료
  날씨: 맑음 3.2°C (영향도: 1.0배)
  AI 예측: 0.35배 (신뢰도: 42%)
  400번: 41명 탑승 - 🟠 혼잡 - 입석 승객 많음
  405번: 38명 탑승 - 🟠 혼잡 - 입석 승객 많음
  421번: 58명 탑승 - 🔴 매우혼잡 - 승차 어려움
  도로: 0.9배 (0개 혼잡)
  400번 배차: 16분 간격
  405번 배차: 6분 간격
  421번 배차: 20분 간격
  400번: 2분후[2번째 전]
  405번: 2분후[2번째 전]
  421번: 6분후[5번째 전]
10분 대기 중...
[2025-12-27 14:33:19 토] 수집 완료
  날씨: 맑음 3.2°C (영향도: 1.0배)
  AI 예측: 0.35배 (신뢰도: 43%)
  400번: 48명 탑승 - 🔴 매우혼잡 - 승차 어려움
  405번: 39명 탑승 - 🔴 매우혼잡 - 승차 어려움
  421번: 58명 탑승 - 🔴 매우혼잡 - 승차 어려움
  도로: 0.9배 (0개 혼잡)
  400번 배차: 12분 간격
  405번 배차: 16분 간격
  421번 배차: 5분 간격
  400번: 8분후[4번째 전]
  405번: 21분후[13번째 전]
  421번: 16분후[9번째 전]
10분 대기 중...
[2025-12-27 14:43:19 토] 수집 완료
  날씨: 맑음 3.2°C (영향도: 1.0배)
  AI 예측: 0.35배 (신뢰도: 44%)
  400번: 45명 탑승 - 🔴 매우혼잡 - 승차 어려움
  405번: 40명 탑승 - 🔴 매우혼잡 - 승차 어려움
  421번: 60명 탑승 - 🔴 매우혼잡 - 승차 어려움
  도로: 0.9배 (0개 혼잡)
  400번 배차: 14분 간격
  405번 배차: 15분 간격
  421번 배차: 4분 간격
  400번: 10분후[5번째 전]
  405번: 12분후[7번째 전]
  421번: 10분후[7번째 전]
10분 대기 중...
[2025-12-27 14:53:19 토] 수집 완료
  날씨: 맑음 3.2°C (영향도: 1.0배)
  AI 예측: 0.35배 (신뢰도: 45%)
  400번: 49명 탑승 - 🔴 매우혼잡 - 승차 어려움
  405번: 29명 탑승 - 🟠 혼잡 - 입석 승객 많음
  421번: 60명 탑승 - 🔴 매우혼잡 - 승차 어려움
  도로: 0.9배 (0개 혼잡)
  400번 배차: 12분 간격
  405번 배차: 14분 간격
  421번 배차: 3분 간격
  400번: 13분후[7번째 전]
  405번: 18분후[10번째 전]
  421번: 3분후[2번째 전]
10분 대기 중...
[2025-12-27 15:03:20 토] 수집 완료
  날씨: 맑음 3.2°C (영향도: 1.0배)
  AI 예측: 0.35배 (신뢰도: 46%)
  400번: 37명 탑승 - 🟠 혼잡 - 입석 승객 많음
  405번: 35명 탑승 - 🟠 혼잡 - 입석 승객 많음
  421번: 52명 탑승 - 🟠 혼잡 - 입석 승객 많음
  도로: 0.9배 (0개 혼잡)
  400번 배차: 11분 간격
  405번 배차: 16분 간격
  421번 배차: 14분 간격
  400번: 3분후[3번째 전]
  405번: 6분후[3번째 전]
  421번: 3분후[2번째 전]
10분 대기 중...
[2025-12-27 15:13:18 토] 수집 완료
  날씨: 맑음 3.2°C (영향도: 1.0배)
  AI 예측: 0.35배 (신뢰도: 47%)
  400번: 33명 탑승 - 🟠 혼잡 - 입석 승객 많음
  405번: 33명 탑승 - 🟠 혼잡 - 입석 승객 많음
  421번: 58명 탑승 - 🔴 매우혼잡 - 승차 어려움
  도로: 0.9배 (0개 혼잡)
  400번 배차: 20분 간격
  405번 배차: 11분 간격
  421번 배차: 6분 간격
  400번: 3분후[3번째 전]
  405번: 11분후[7번째 전]
  421번: 6분후[4번째 전]
10분 대기 중...
[2025-12-27 15:23:18 토] 수집 완료
  날씨: 맑음 3.2°C (영향도: 1.0배)
  AI 예측: 0.35배 (신뢰도: 48%)
  400번: 46명 탑승 - 🔴 매우혼잡 - 승차 어려움
  405번: 35명 탑승 - 🟠 혼잡 - 입석 승객 많음
  421번: 47명 탑승 - 🟠 혼잡 - 입석 승객 많음
  도로: 0.9배 (0개 혼잡)
  400번 배차: 15분 간격
  405번 배차: 11분 간격
  421번 배차: 3분 간격
  400번: 15분후[7번째 전]
  405번: 1분후[1번째 전]
  421번: 1분후[1번째 전]
10분 대기 중...
[2025-12-27 15:33:20 토] 수집 완료
  날씨: 맑음 3.2°C (영향도: 1.0배)
  AI 예측: 0.35배 (신뢰도: 49%)
  400번: 33명 탑승 - 🟠 혼잡 - 입석 승객 많음
  405번: 29명 탑승 - 🟠 혼잡 - 입석 승객 많음
  421번: 61명 탑승 - 🔴 매우혼잡 - 승차 어려움
  도로: 0.9배 (0개 혼잡)
  400번 배차: 13분 간격
  405번 배차: 11분 간격
  421번 배차: 17분 간격
  400번: 6분후[3번째 전]
  405번: 4분후[3번째 전]
  421번: 4분후[3번째 전]
10분 대기 중...
[2025-12-27 15:43:20 토] 수집 완료
  날씨: 맑음 3.2°C (영향도: 1.0배)
  AI 예측: 0.35배 (신뢰도: 50%)
  400번: 49명 탑승 - 🔴 매우혼잡 - 승차 어려움
  405번: 31명 탑승 - 🟠 혼잡 - 입석 승객 많음
  421번: 56명 탑승 - 🔴 매우혼잡 - 승차 어려움
  도로: 0.9배 (0개 혼잡)
  400번 배차: 12분 간격
  405번 배차: 23분 간격
  421번 배차: 13분 간격
  400번: 9분후[5번째 전]
  405번: 7분후[4번째 전]
  421번: 11분후[7번째 전]
10분 대기 중...
[2025-12-27 15:53:20 토] 수집 완료
  날씨: 맑음 3.2°C (영향도: 1.0배)
  AI 예측: 0.35배 (신뢰도: 51%)
  400번: 47명 탑승 - 🔴 매우혼잡 - 승차 어려움
  405번: 34명 탑승 - 🟠 혼잡 - 입석 승객 많음
  421번: 58명 탑승 - 🔴 매우혼잡 - 승차 어려움
  도로: 0.9배 (0개 혼잡)
  400번 배차: 10분 간격
  405번 배차: 12분 간격
  421번 배차: 11분 간격
  400번: 13분후[6번째 전]
  405번: 20분후[12번째 전]
  421번: 2분후[1번째 전]
10분 대기 중...
[2025-12-27 16:03:20 토] 수집 완료
  날씨: 맑음 3.2°C (영향도: 1.0배)
  AI 예측: 0.35배 (신뢰도: 52%)
  400번: 41명 탑승 - 🟠 혼잡 - 입석 승객 많음
  405번: 35명 탑승 - 🟠 혼잡 - 입석 승객 많음
  421번: 59명 탑승 - 🔴 매우혼잡 - 승차 어려움
  도로: 0.9배 (0개 혼잡)
  400번 배차: 13분 간격
  405번 배차: 14분 간격
  421번 배차: 19분 간격
  400번: 3분후[2번째 전]
  405번: 11분후[6번째 전]
  421번: 3분후[2번째 전]
10분 대기 중...
[2025-12-27 16:13:21 토] 수집 완료
  날씨: 맑음 3.2°C (영향도: 1.0배)
  AI 예측: 0.35배 (신뢰도: 53%)
  400번: 43명 탑승 - 🟠 혼잡 - 입석 승객 많음
  405번: 44명 탑승 - 🔴 매우혼잡 - 승차 어려움
  421번: 60명 탑승 - 🔴 매우혼잡 - 승차 어려움
  도로: 0.9배 (0개 혼잡)
  400번 배차: 13분 간격
  405번 배차: 15분 간격
  421번 배차: 8분 간격
  400번: 7분후[3번째 전]
  405번: 19분후[10번째 전]
  421번: 13분후[7번째 전]
10분 대기 중...
[2025-12-27 16:23:21 토] 수집 완료
  날씨: 맑음 3.2°C (영향도: 1.0배)
  AI 예측: 0.35배 (신뢰도: 54%)
  400번: 49명 탑승 - 🔴 매우혼잡 - 승차 어려움
  405번: 42명 탑승 - 🔴 매우혼잡 - 승차 어려움
  421번: 59명 탑승 - 🔴 매우혼잡 - 승차 어려움
  도로: 0.9배 (0개 혼잡)
  400번 배차: 15분 간격
  405번 배차: 12분 간격
  421번 배차: 8분 간격
  400번: 11분후[6번째 전]
  405번: 10분후[5번째 전]
  421번: 2분후[2번째 전]
10분 대기 중...
[2025-12-27 16:33:21 토] 수집 완료
  날씨: 맑음 3.2°C (영향도: 1.0배)
  AI 예측: 0.35배 (신뢰도: 55%)
  400번: 47명 탑승 - 🔴 매우혼잡 - 승차 어려움
  405번: 43명 탑승 - 🔴 매우혼잡 - 승차 어려움
  421번: 54명 탑승 - 🟠 혼잡 - 입석 승객 많음
  도로: 0.9배 (0개 혼잡)
  400번 배차: 12분 간격
  405번 배차: 10분 간격
  421번 배차: 18분 간격
  400번: 3분후[2번째 전]
  405번: 15분후[7번째 전]
  421번: 9분후[6번째 전]
10분 대기 중...
[2025-12-27 16:43:21 토] 수집 완료
  날씨: 맑음 3.2°C (영향도: 1.0배)
  AI 예측: 0.35배 (신뢰도: 56%)
  400번: 34명 탑승 - 🟠 혼잡 - 입석 승객 많음
  405번: 38명 탑승 - 🟠 혼잡 - 입석 승객 많음
  421번: 55명 탑승 - 🔴 매우혼잡 - 승차 어려움
  도로: 0.9배 (0개 혼잡)
  400번 배차: 12분 간격
  405번 배차: 8분 간격
  400번: 7분후[4번째 전]
  405번: 6분후[3번째 전]
  421번: 곧 도착
10분 대기 중...
[2025-12-27 16:53:21 토] 수집 완료
  날씨: 맑음 3.2°C (영향도: 1.0배)
  AI 예측: 0.35배 (신뢰도: 57%)
  400번: 41명 탑승 - 🟠 혼잡 - 입석 승객 많음
  405번: 35명 탑승 - 🟠 혼잡 - 입석 승객 많음
  421번: 58명 탑승 - 🔴 매우혼잡 - 승차 어려움
  도로: 0.9배 (0개 혼잡)
  400번 배차: 18분 간격
  405번 배차: 11분 간격
  421번 배차: 13분 간격
  400번: 7분후[3번째 전]
  405번: 6분후[3번째 전]
  421번: 6분후[5번째 전]
10분 대기 중...
[2025-12-27 17:03:21 토] 수집 완료
  날씨: 맑음 3.2°C (영향도: 1.0배)
  AI 예측: 0.56배 (신뢰도: 58%)
  400번: 70명 탑승 - 🔴 매우혼잡 - 승차 어려움
  405번: 43명 탑승 - 🟠 혼잡 - 입석 승객 많음
  421번: 70명 탑승 - 🔴 매우혼잡 - 승차 어려움
  도로: 1.5배 (3개 혼잡)
  400번 배차: 12분 간격
  405번 배차: 19분 간격
  421번 배차: 17분 간격
  400번: 14분후[6번째 전]
  405번: 7분후[4번째 전]
  421번: 6분후[4번째 전]
10분 대기 중...
[2025-12-27 17:13:22 토] 수집 완료
  날씨: 맑음 3.2°C (영향도: 1.0배)
  AI 예측: 0.56배 (신뢰도: 59%)
  400번: 52명 탑승 - 🟠 혼잡 - 입석 승객 많음
  405번: 60명 탑승 - 🔴 매우혼잡 - 승차 어려움
  421번: 70명 탑승 - 🔴 매우혼잡 - 승차 어려움
  도로: 1.5배 (3개 혼잡)
  400번 배차: 13분 간격
  405번 배차: 21분 간격
  421번 배차: 9분 간격
  400번: 3분후[2번째 전]
  405번: 17분후[8번째 전]
  421번: 13분후[7번째 전]
10분 대기 중...
[2025-12-27 17:23:22 토] 수집 완료
  날씨: 맑음 3.2°C (영향도: 1.0배)
  AI 예측: 0.56배 (신뢰도: 60%)
  400번: 59명 탑승 - 🟠 혼잡 - 입석 승객 많음
  405번: 52명 탑승 - 🟠 혼잡 - 입석 승객 많음
  421번: 70명 탑승 - 🔴 매우혼잡 - 승차 어려움
  도로: 1.5배 (3개 혼잡)
  400번 배차: 18분 간격
  405번 배차: 23분 간격
  421번 배차: 10분 간격
  400번: 5분후[3번째 전]
  405번: 6분후[3번째 전]
  421번: 1분후[1번째 전]
10분 대기 중...
[2025-12-27 17:33:22 토] 수집 완료
  날씨: 맑음 3.2°C (영향도: 1.0배)
  AI 예측: 0.56배 (신뢰도: 61%)
  400번: 66명 탑승 - 🔴 매우혼잡 - 승차 어려움
  405번: 63명 탑승 - 🔴 매우혼잡 - 승차 어려움
  421번: 70명 탑승 - 🔴 매우혼잡 - 승차 어려움
  도로: 1.5배 (3개 혼잡)
  400번 배차: 15분 간격
  405번 배차: 13분 간격
  421번 배차: 1분 간격
  400번: 13분후[6번째 전]
  405번: 21분후[11번째 전]
  421번: 2분후[1번째 전]
10분 대기 중...
[2025-12-27 17:43:22 토] 수집 완료
  날씨: 맑음 3.2°C (영향도: 1.0배)
  AI 예측: 0.56배 (신뢰도: 62%)
  400번: 70명 탑승 - 🔴 매우혼잡 - 승차 어려움
  405번: 66명 탑승 - 🔴 매우혼잡 - 승차 어려움
  421번: 70명 탑승 - 🟠 혼잡 - 입석 승객 많음
  도로: 1.5배 (3개 혼잡)
  400번 배차: 14분 간격
  405번 배차: 14분 간격
  400번: 3분후[2번째 전]
  405번: 10분후[5번째 전]
  421번: 곧 도착
10분 대기 중...
[2025-12-27 17:53:22 토] 수집 완료
  날씨: 맑음 3.2°C (영향도: 1.0배)
  AI 예측: 0.56배 (신뢰도: 63%)
  400번: 61명 탑승 - 🟠 혼잡 - 입석 승객 많음
  405번: 49명 탑승 - 🟠 혼잡 - 입석 승객 많음
  421번: 70명 탑승 - 🔴 매우혼잡 - 승차 어려움
  도로: 1.5배 (3개 혼잡)
  400번 배차: 15분 간격
  421번 배차: 12분 간격
  400번: 9분후[4번째 전]
  405번: 곧 도착
  421번: 4분후[3번째 전]
10분 대기 중...
[2025-12-27 18:03:22 토] 수집 완료
  날씨: 맑음 3.2°C (영향도: 1.0배)
  AI 예측: 0.56배 (신뢰도: 64%)
  400번: 52명 탑승 - 🟠 혼잡 - 입석 승객 많음
  405번: 56명 탑승 - 🟠 혼잡 - 입석 승객 많음
  421번: 70명 탑승 - 🔴 매우혼잡 - 승차 어려움
  도로: 1.5배 (3개 혼잡)
  400번 배차: 5분 간격
  405번 배차: 16분 간격
  421번 배차: 33분 간격
  400번: 16분후[7번째 전]
  405번: 2분후[1번째 전]
  421번: 8분후[6번째 전]
10분 대기 중...
[2025-12-27 18:13:22 토] 수집 완료
  날씨: 맑음 3.2°C (영향도: 1.0배)
  AI 예측: 0.56배 (신뢰도: 65%)
  400번: 70명 탑승 - 🔴 매우혼잡 - 승차 어려움
  405번: 54명 탑승 - 🟠 혼잡 - 입석 승객 많음
  421번: 70명 탑승 - 🔴 매우혼잡 - 승차 어려움
  도로: 1.5배 (3개 혼잡)
  400번 배차: 1분 간격
  405번 배차: 5분 간격
  421번 배차: 29분 간격
  400번: 10분후[5번째 전]
  405번: 9분후[4번째 전]
  421번: 2분후[2번째 전]
10분 대기 중...
[2025-12-27 18:23:23 토] 수집 완료
  날씨: 맑음 3.2°C (영향도: 1.0배)
  AI 예측: 0.56배 (신뢰도: 66%)
  400번: 61명 탑승 - 🟠 혼잡 - 입석 승객 많음
  405번: 65명 탑승 - 🔴 매우혼잡 - 승차 어려움
  421번: 70명 탑승 - 🟠 혼잡 - 입석 승객 많음
  도로: 1.5배 (3개 혼잡)
  400번 배차: 2분 간격
  405번 배차: 4분 간격
  421번 배차: 6분 간격
  400번: 3분후[2번째 전]
  405번: 3분후[2번째 전]
  421번: 22분후[10번째 전]
10분 대기 중...
[2025-12-27 18:33:23 토] 수집 완료
  날씨: 맑음 3.2°C (영향도: 1.0배)
  AI 예측: 0.56배 (신뢰도: 67%)
  400번: 55명 탑승 - 🟠 혼잡 - 입석 승객 많음
  405번: 48명 탑승 - 🟠 혼잡 - 입석 승객 많음
  421번: 70명 탑승 - 🔴 매우혼잡 - 승차 어려움
  도로: 1.5배 (3개 혼잡)
  421번 배차: 1분 간격
  400번: 곧 도착
  405번: 곧 도착
  421번: 14분후[7번째 전]
10분 대기 중...
[2025-12-27 18:43:23 토] 수집 완료
  날씨: 맑음 3.2°C (영향도: 1.0배)
  AI 예측: 0.56배 (신뢰도: 68%)
  400번: 60명 탑승 - 🟠 혼잡 - 입석 승객 많음
  405번: 66명 탑승 - 🔴 매우혼잡 - 승차 어려움
  421번: 70명 탑승 - 🔴 매우혼잡 - 승차 어려움
  도로: 1.5배 (3개 혼잡)
  400번 배차: 22분 간격
  405번 배차: 27분 간격
  421번 배차: 2분 간격
  400번: 6분후[3번째 전]
  405번: 7분후[3번째 전]
  421번: 2분후[2번째 전]
10분 대기 중...
[2025-12-27 18:53:23 토] 수집 완료
  날씨: 맑음 3.2°C (영향도: 1.0배)
  AI 예측: 0.56배 (신뢰도: 69%)
  400번: 66명 탑승 - 🟠 혼잡 - 입석 승객 많음
  405번: 54명 탑승 - 🟠 혼잡 - 입석 승객 많음
  421번: 70명 탑승 - 🔴 매우혼잡 - 승차 어려움
  도로: 1.5배 (3개 혼잡)
  400번 배차: 10분 간격
  405번 배차: 19분 간격
  421번 배차: 4분 간격
  400번: 18분후[7번째 전]
  405번: 20분후[9번째 전]
  421번: 17분후[8번째 전]
10분 대기 중...
[2025-12-27 19:03:23 토] 수집 완료
  날씨: 맑음 3.2°C (영향도: 1.0배)
  AI 예측: 0.56배 (신뢰도: 70%)
  400번: 64명 탑승 - 🟠 혼잡 - 입석 승객 많음
  405번: 58명 탑승 - 🟠 혼잡 - 입석 승객 많음
  421번: 70명 탑승 - 🔴 매우혼잡 - 승차 어려움
  도로: 1.5배 (3개 혼잡)
  400번 배차: 10분 간격
  405번 배차: 22분 간격
  421번 배차: 3분 간격
  400번: 6분후[3번째 전]
  405번: 6분후[3번째 전]
  421번: 8분후[5번째 전]
10분 대기 중...
[2025-12-27 19:13:23 토] 수집 완료
  날씨: 맑음 3.2°C (영향도: 1.0배)
  AI 예측: 0.56배 (신뢰도: 71%)
  400번: 60명 탑승 - 🟠 혼잡 - 입석 승객 많음
  405번: 48명 탑승 - 🟠 혼잡 - 입석 승객 많음
  421번: 63명 탑승 - 🟠 혼잡 - 입석 승객 많음
  도로: 1.5배 (3개 혼잡)
  400번 배차: 18분 간격
  405번 배차: 12분 간격
  421번 배차: 12분 간격
  400번: 2분후[1번째 전]
  405번: 14분후[6번째 전]
  421번: 5분후[3번째 전]
10분 대기 중...
[2025-12-27 19:23:23 토] 수집 완료
  날씨: 맑음 3.2°C (영향도: 1.0배)
  AI 예측: 0.56배 (신뢰도: 72%)
  400번: 70명 탑승 - 🔴 매우혼잡 - 승차 어려움
  405번: 57명 탑승 - 🟠 혼잡 - 입석 승객 많음
  421번: 70명 탑승 - 🔴 매우혼잡 - 승차 어려움
  도로: 1.5배 (3개 혼잡)
  400번 배차: 14분 간격
  405번 배차: 11분 간격
  421번 배차: 15분 간격
  400번: 9분후[4번째 전]
  405번: 1분후[1번째 전]
  421번: 4분후[3번째 전]
10분 대기 중...
[2025-12-27 19:33:24 토] 수집 완료
  날씨: 맑음 3.2°C (영향도: 1.0배)
  AI 예측: 0.56배 (신뢰도: 73%)
  400번: 70명 탑승 - 🔴 매우혼잡 - 승차 어려움
  405번: 46명 탑승 - 🟠 혼잡 - 입석 승객 많음
  421번: 70명 탑승 - 🔴 매우혼잡 - 승차 어려움
  도로: 1.5배 (3개 혼잡)
  400번 배차: 12분 간격
  405번 배차: 12분 간격
  421번 배차: 5분 간격
  400번: 11분후[6번째 전]
  405번: 6분후[3번째 전]
  421번: 9분후[6번째 전]
10분 대기 중...
[2025-12-27 19:43:24 토] 수집 완료
  날씨: 맑음 3.2°C (영향도: 1.0배)
  AI 예측: 0.56배 (신뢰도: 74%)
  400번: 59명 탑승 - 🟠 혼잡 - 입석 승객 많음
  405번: 48명 탑승 - 🟠 혼잡 - 입석 승객 많음
  421번: 69명 탑승 - 🟠 혼잡 - 입석 승객 많음
  도로: 1.5배 (3개 혼잡)
  400번 배차: 12분 간격
  405번 배차: 9분 간격
  421번 배차: 5분 간격
  400번: 2분후[1번째 전]
  405번: 8분후[3번째 전]
  421번: 3분후[2번째 전]
10분 대기 중...
[2025-12-27 19:53:24 토] 수집 완료
  날씨: 맑음 3.2°C (영향도: 1.0배)
  AI 예측: 0.56배 (신뢰도: 75%)
  400번: 64명 탑승 - 🟠 혼잡 - 입석 승객 많음
  405번: 47명 탑승 - 🟠 혼잡 - 입석 승객 많음
  421번: 60명 탑승 - 🟠 혼잡 - 입석 승객 많음
  도로: 1.5배 (3개 혼잡)
  400번 배차: 8분 간격
  405번 배차: 15분 간격
  421번 배차: 10분 간격
  400번: 4분후[3번째 전]
  405번: 6분후[3번째 전]
  421번: 4분후[3번째 전]
10분 대기 중...
[2025-12-27 20:03:24 토] 수집 완료
  날씨: 맑음 3.2°C (영향도: 1.0배)
  AI 예측: 0.35배 (신뢰도: 76%)
  400번: 39명 탑승 - 🟠 혼잡 - 입석 승객 많음
  405번: 28명 탑승 - 🟠 혼잡 - 입석 승객 많음
  421번: 58명 탑승 - 🔴 매우혼잡 - 승차 어려움
  도로: 0.9배 (0개 혼잡)
  400번 배차: 19분 간격
  405번 배차: 13분 간격
  421번 배차: 5분 간격
  400번: 3분후[2번째 전]
  405번: 9분후[5번째 전]
  421번: 5분후[4번째 전]
10분 대기 중...
[2025-12-27 20:13:24 토] 수집 완료
  날씨: 맑음 3.2°C (영향도: 1.0배)
  AI 예측: 0.35배 (신뢰도: 77%)
  400번: 47명 탑승 - 🔴 매우혼잡 - 승차 어려움
  405번: 32명 탑승 - 🟠 혼잡 - 입석 승객 많음
  421번: 44명 탑승 - 🟠 혼잡 - 입석 승객 많음
  도로: 0.9배 (0개 혼잡)
  400번 배차: 14분 간격
  405번 배차: 11분 간격
  421번 배차: 10분 간격
  400번: 9분후[4번째 전]
  405번: 2분후[1번째 전]
  421번: 1분후[1번째 전]
10분 대기 중...
[2025-12-27 20:23:24 토] 수집 완료
  날씨: 맑음 3.2°C (영향도: 1.0배)
  AI 예측: 0.35배 (신뢰도: 78%)
  400번: 48명 탑승 - 🔴 매우혼잡 - 승차 어려움
  405번: 32명 탑승 - 🟠 혼잡 - 입석 승객 많음
  421번: 58명 탑승 - 🔴 매우혼잡 - 승차 어려움
  도로: 0.9배 (0개 혼잡)
  400번 배차: 11분 간격
  405번 배차: 16분 간격
  421번 배차: 3분 간격
  400번: 13분후[6번째 전]
  405번: 4분후[3번째 전]
  421번: 2분후[2번째 전]
10분 대기 중...
[2025-12-27 20:33:24 토] 수집 완료
  날씨: 맑음 3.2°C (영향도: 1.0배)
  AI 예측: 0.35배 (신뢰도: 79%)
  400번: 36명 탑승 - 🟠 혼잡 - 입석 승객 많음
  405번: 36명 탑승 - 🟠 혼잡 - 입석 승객 많음
  421번: 41명 탑승 - 🟠 혼잡 - 입석 승객 많음
  도로: 0.9배 (0개 혼잡)
  400번 배차: 12분 간격
  405번 배차: 14분 간격
  421번 배차: 19분 간격
  400번: 3분후[2번째 전]
  405번: 9분후[4번째 전]
  421번: 3분후[2번째 전]
10분 대기 중...
[2025-12-27 20:43:24 토] 수집 완료
  날씨: 맑음 3.2°C (영향도: 1.0배)
  AI 예측: 0.35배 (신뢰도: 80%)
  400번: 40명 탑승 - 🟠 혼잡 - 입석 승객 많음
  405번: 43명 탑승 - 🔴 매우혼잡 - 승차 어려움
  421번: 60명 탑승 - 🔴 매우혼잡 - 승차 어려움
  도로: 0.9배 (0개 혼잡)
  400번 배차: 12분 간격
  405번 배차: 17분 간격